14:27:55.792 logback [main] INFO  c.b.c.Chapter43ApplicationTests - Starting Chapter43ApplicationTests on znjfuser-PC with PID 12348 (started by znjfuser in D:\tyx\spring-learn\chapter4-3)
14:27:55.795 logback [main] INFO  c.b.c.Chapter43ApplicationTests - No active profile set, falling back to default profiles: default
14:27:55.823 logback [main] INFO  o.s.w.c.s.GenericWebApplicationContext - Refreshing org.springframework.web.context.support.GenericWebApplicationContext@53b7f657: startup date [Wed Jul 25 14:27:55 CST 2018]; root of context hierarchy
14:27:57.036 logback [main] INFO  o.s.w.s.h.SimpleUrlHandlerMapping - Mapped URL path [/**/favicon.ico] onto handler of type [class org.springframework.web.servlet.resource.ResourceHttpRequestHandler]
14:27:57.258 logback [main] INFO  o.s.w.s.m.m.a.RequestMappingHandlerAdapter - Looking for @ControllerAdvice: org.springframework.web.context.support.GenericWebApplicationContext@53b7f657: startup date [Wed Jul 25 14:27:55 CST 2018]; root of context hierarchy
14:27:57.314 logback [main] INFO  o.s.w.s.m.m.a.RequestMappingHandlerMapping - Mapped "{[/log]}" onto public java.lang.String com.bingo.chapter43.controller.LogController.addLog()
14:27:57.316 logback [main] INFO  o.s.w.s.m.m.a.RequestMappingHandlerMapping - Mapped "{[/error]}" onto public org.springframework.http.ResponseEntity<java.util.Map<java.lang.String, java.lang.Object>> org.springframework.boot.autoconfigure.web.servlet.error.BasicErrorController.error(javax.servlet.http.HttpServletRequest)
14:27:57.317 logback [main] INFO  o.s.w.s.m.m.a.RequestMappingHandlerMapping - Mapped "{[/error],produces=[text/html]}" onto public org.springframework.web.servlet.ModelAndView org.springframework.boot.autoconfigure.web.servlet.error.BasicErrorController.errorHtml(javax.servlet.http.HttpServletRequest,javax.servlet.http.HttpServletResponse)
14:27:57.344 logback [main] INFO  o.s.w.s.h.SimpleUrlHandlerMapping - Mapped URL path [/webjars/**] onto handler of type [class org.springframework.web.servlet.resource.ResourceHttpRequestHandler]
14:27:57.345 logback [main] INFO  o.s.w.s.h.SimpleUrlHandlerMapping - Mapped URL path [/**] onto handler of type [class org.springframework.web.servlet.resource.ResourceHttpRequestHandler]
14:27:57.616 logback [main] INFO  c.b.c.Chapter43ApplicationTests - Started Chapter43ApplicationTests in 2.119 seconds (JVM running for 2.728)
14:27:57.802 logback [main] INFO  com.zaxxer.hikari.HikariDataSource - HikariPool-1 - Starting...
14:27:58.051 logback [main] INFO  com.zaxxer.hikari.HikariDataSource - HikariPool-1 - Start completed.
14:27:58.179 logback [Thread-2] INFO  o.s.w.c.s.GenericWebApplicationContext - Closing org.springframework.web.context.support.GenericWebApplicationContext@53b7f657: startup date [Wed Jul 25 14:27:55 CST 2018]; root of context hierarchy
14:27:58.181 logback [Thread-2] INFO  com.zaxxer.hikari.HikariDataSource - HikariPool-1 - Shutdown initiated...
14:27:58.186 logback [Thread-2] INFO  com.zaxxer.hikari.HikariDataSource - HikariPool-1 - Shutdown completed.
14:51:26.275 logback [main] INFO  c.b.chapter43.Chapter43Application - Starting Chapter43Application on znjfuser-PC with PID 11912 (D:\tyx\spring-learn\chapter4-3\target\classes started by znjfuser in D:\tyx\spring-learn\chapter4-3)
14:51:26.279 logback [main] INFO  c.b.chapter43.Chapter43Application - No active profile set, falling back to default profiles: default
14:51:26.339 logback [main] INFO  o.s.b.w.s.c.AnnotationConfigServletWebServerApplicationContext - Refreshing org.springframework.boot.web.servlet.context.AnnotationConfigServletWebServerApplicationContext@302a07d: startup date [Wed Jul 25 14:51:26 CST 2018]; root of context hierarchy
14:51:27.142 logback [main] INFO  o.s.b.w.e.tomcat.TomcatWebServer - Tomcat initialized with port(s): 8080 (http)
14:51:27.152 logback [main] INFO  o.a.coyote.http11.Http11NioProtocol - Initializing ProtocolHandler ["http-nio-8080"]
14:51:27.158 logback [main] INFO  o.a.catalina.core.StandardService - Starting service [Tomcat]
14:51:27.158 logback [main] INFO  o.a.catalina.core.StandardEngine - Starting Servlet Engine: Apache Tomcat/8.5.31
14:51:27.161 logback [localhost-startStop-1] INFO  o.a.c.core.AprLifecycleListener - The APR based Apache Tomcat Native library which allows optimal performance in production environments was not found on the java.library.path: [C:\Program Files\Java\jdk1.8.0_121\bin;C:\Windows\Sun\Java\bin;C:\Windows\system32;C:\Windows;C:\ProgramData\Oracle\Java\javapath;C:\Windows\system32;C:\Windows;C:\Windows\System32\Wbem;C:\Windows\System32\WindowsPowerShell\v1.0\;C:\Program Files (x86)\NVIDIA Corporation\PhysX\Common;D:\Program Files\TortoiseSVN\bin;C:\Program Files\Java\jdk1.8.0_121\bin;C:\Program Files\Java\jdk1.8.0_121\jre\bin;C:\Program Files\Git\cmd;C:\Program Files\Git\usr\bin;C:\tuyx\environment\sdk\ndk-bundle;C:\tuyx\environment\sdk\platform-tools;C:\tuyx\environment\apache-maven-3.5.0\bin;C:\Program Files\TortoiseGit\bin;D:\tyx\tools\mysql\mysql-5.7.19-winx64\bin;D:\Program Files\PuTTY\;C:\Users\znjfuser\AppData\Local\atom\bin;.]
14:51:27.224 logback [localhost-startStop-1] INFO  o.a.c.c.C.[Tomcat].[localhost].[/] - Initializing Spring embedded WebApplicationContext
14:51:27.225 logback [localhost-startStop-1] INFO  o.s.web.context.ContextLoader - Root WebApplicationContext: initialization completed in 886 ms
14:51:27.317 logback [localhost-startStop-1] INFO  o.s.b.w.s.ServletRegistrationBean - Servlet dispatcherServlet mapped to [/]
14:51:27.321 logback [localhost-startStop-1] INFO  o.s.b.w.s.FilterRegistrationBean - Mapping filter: 'characterEncodingFilter' to: [/*]
14:51:27.321 logback [localhost-startStop-1] INFO  o.s.b.w.s.FilterRegistrationBean - Mapping filter: 'hiddenHttpMethodFilter' to: [/*]
14:51:27.321 logback [localhost-startStop-1] INFO  o.s.b.w.s.FilterRegistrationBean - Mapping filter: 'httpPutFormContentFilter' to: [/*]
14:51:27.321 logback [localhost-startStop-1] INFO  o.s.b.w.s.FilterRegistrationBean - Mapping filter: 'requestContextFilter' to: [/*]
14:51:27.539 logback [main] INFO  o.s.w.s.h.SimpleUrlHandlerMapping - Mapped URL path [/**/favicon.ico] onto handler of type [class org.springframework.web.servlet.resource.ResourceHttpRequestHandler]
14:51:27.684 logback [main] INFO  o.s.w.s.m.m.a.RequestMappingHandlerAdapter - Looking for @ControllerAdvice: org.springframework.boot.web.servlet.context.AnnotationConfigServletWebServerApplicationContext@302a07d: startup date [Wed Jul 25 14:51:26 CST 2018]; root of context hierarchy
14:51:27.724 logback [main] INFO  o.s.w.s.m.m.a.RequestMappingHandlerMapping - Mapped "{[/log]}" onto public java.lang.String com.bingo.chapter43.controller.LogController.addLog()
14:51:27.727 logback [main] INFO  o.s.w.s.m.m.a.RequestMappingHandlerMapping - Mapped "{[/error]}" onto public org.springframework.http.ResponseEntity<java.util.Map<java.lang.String, java.lang.Object>> org.springframework.boot.autoconfigure.web.servlet.error.BasicErrorController.error(javax.servlet.http.HttpServletRequest)
14:51:27.727 logback [main] INFO  o.s.w.s.m.m.a.RequestMappingHandlerMapping - Mapped "{[/error],produces=[text/html]}" onto public org.springframework.web.servlet.ModelAndView org.springframework.boot.autoconfigure.web.servlet.error.BasicErrorController.errorHtml(javax.servlet.http.HttpServletRequest,javax.servlet.http.HttpServletResponse)
14:51:27.751 logback [main] INFO  o.s.w.s.h.SimpleUrlHandlerMapping - Mapped URL path [/webjars/**] onto handler of type [class org.springframework.web.servlet.resource.ResourceHttpRequestHandler]
14:51:27.751 logback [main] INFO  o.s.w.s.h.SimpleUrlHandlerMapping - Mapped URL path [/**] onto handler of type [class org.springframework.web.servlet.resource.ResourceHttpRequestHandler]
14:51:27.971 logback [main] INFO  o.s.j.e.a.AnnotationMBeanExporter - Registering beans for JMX exposure on startup
14:51:27.972 logback [main] INFO  o.s.j.e.a.AnnotationMBeanExporter - Bean with name 'dataSource' has been autodetected for JMX exposure
14:51:27.976 logback [main] INFO  o.s.j.e.a.AnnotationMBeanExporter - Located MBean 'dataSource': registering with JMX server as MBean [com.zaxxer.hikari:name=dataSource,type=HikariDataSource]
14:51:28.061 logback [main] INFO  o.a.coyote.http11.Http11NioProtocol - Starting ProtocolHandler ["http-nio-8080"]
14:51:28.068 logback [main] INFO  o.a.tomcat.util.net.NioSelectorPool - Using a shared selector for servlet write/read
14:51:28.080 logback [main] INFO  o.s.b.w.e.tomcat.TomcatWebServer - Tomcat started on port(s): 8080 (http) with context path ''
14:51:28.083 logback [main] INFO  c.b.chapter43.Chapter43Application - Started Chapter43Application in 2.176 seconds (JVM running for 2.624)
14:51:51.864 logback [main] INFO  c.b.c.Chapter43ApplicationTests - Starting Chapter43ApplicationTests on znjfuser-PC with PID 6948 (started by znjfuser in D:\tyx\spring-learn\chapter4-3)
14:51:51.865 logback [main] INFO  c.b.c.Chapter43ApplicationTests - No active profile set, falling back to default profiles: default
14:51:51.890 logback [main] INFO  o.s.w.c.s.GenericWebApplicationContext - Refreshing org.springframework.web.context.support.GenericWebApplicationContext@3cfdd820: startup date [Wed Jul 25 14:51:51 CST 2018]; root of context hierarchy
14:51:53.055 logback [main] INFO  o.s.w.s.h.SimpleUrlHandlerMapping - Mapped URL path [/**/favicon.ico] onto handler of type [class org.springframework.web.servlet.resource.ResourceHttpRequestHandler]
14:51:53.273 logback [main] INFO  o.s.w.s.m.m.a.RequestMappingHandlerAdapter - Looking for @ControllerAdvice: org.springframework.web.context.support.GenericWebApplicationContext@3cfdd820: startup date [Wed Jul 25 14:51:51 CST 2018]; root of context hierarchy
14:51:53.332 logback [main] INFO  o.s.w.s.m.m.a.RequestMappingHandlerMapping - Mapped "{[/log]}" onto public java.lang.String com.bingo.chapter43.controller.LogController.addLog()
14:51:53.334 logback [main] INFO  o.s.w.s.m.m.a.RequestMappingHandlerMapping - Mapped "{[/error]}" onto public org.springframework.http.ResponseEntity<java.util.Map<java.lang.String, java.lang.Object>> org.springframework.boot.autoconfigure.web.servlet.error.BasicErrorController.error(javax.servlet.http.HttpServletRequest)
14:51:53.335 logback [main] INFO  o.s.w.s.m.m.a.RequestMappingHandlerMapping - Mapped "{[/error],produces=[text/html]}" onto public org.springframework.web.servlet.ModelAndView org.springframework.boot.autoconfigure.web.servlet.error.BasicErrorController.errorHtml(javax.servlet.http.HttpServletRequest,javax.servlet.http.HttpServletResponse)
14:51:53.358 logback [main] INFO  o.s.w.s.h.SimpleUrlHandlerMapping - Mapped URL path [/webjars/**] onto handler of type [class org.springframework.web.servlet.resource.ResourceHttpRequestHandler]
14:51:53.358 logback [main] INFO  o.s.w.s.h.SimpleUrlHandlerMapping - Mapped URL path [/**] onto handler of type [class org.springframework.web.servlet.resource.ResourceHttpRequestHandler]
14:51:53.605 logback [main] INFO  c.b.c.Chapter43ApplicationTests - Started Chapter43ApplicationTests in 2.043 seconds (JVM running for 2.761)
14:51:53.700 logback [main] INFO  com.zaxxer.hikari.HikariDataSource - HikariPool-1 - Starting...
14:51:53.921 logback [main] INFO  com.zaxxer.hikari.HikariDataSource - HikariPool-1 - Start completed.
14:51:54.005 logback [Thread-2] INFO  o.s.w.c.s.GenericWebApplicationContext - Closing org.springframework.web.context.support.GenericWebApplicationContext@3cfdd820: startup date [Wed Jul 25 14:51:51 CST 2018]; root of context hierarchy
14:51:54.006 logback [Thread-2] INFO  com.zaxxer.hikari.HikariDataSource - HikariPool-1 - Shutdown initiated...
14:51:54.008 logback [Thread-2] INFO  com.zaxxer.hikari.HikariDataSource - HikariPool-1 - Shutdown completed.
