2018-07-23 14:50:52.988 ERROR [AMQP Connection 127.0.0.1:5672] o.s.amqp.rabbit.support.PublisherCallbackChannelImpl.doHandleConfirm:930 - Exception delivering confirm
java.lang.NullPointerException: null
	at com.bingo.springbootrabbitmqack.mq.RabbitClientConfig$2.confirm(RabbitClientConfig.java:56)
	at org.springframework.amqp.rabbit.core.RabbitTemplate.handleConfirm(RabbitTemplate.java:2124)
	at org.springframework.amqp.rabbit.support.PublisherCallbackChannelImpl.doHandleConfirm(PublisherCallbackChannelImpl.java:926)
	at org.springframework.amqp.rabbit.support.PublisherCallbackChannelImpl.processAck(PublisherCallbackChannelImpl.java:909)
	at org.springframework.amqp.rabbit.support.PublisherCallbackChannelImpl.handleAck(PublisherCallbackChannelImpl.java:856)
	at com.rabbitmq.client.impl.ChannelN.callConfirmListeners(ChannelN.java:484)
	at com.rabbitmq.client.impl.ChannelN.processAsync(ChannelN.java:369)
	at com.rabbitmq.client.impl.AMQChannel.handleCompleteInboundCommand(AMQChannel.java:178)
	at com.rabbitmq.client.impl.AMQChannel.handleFrame(AMQChannel.java:111)
	at com.rabbitmq.client.impl.AMQConnection.readFrame(AMQConnection.java:643)
	at com.rabbitmq.client.impl.AMQConnection.access$300(AMQConnection.java:47)
	at com.rabbitmq.client.impl.AMQConnection$MainLoop.run(AMQConnection.java:581)
	at java.lang.Thread.run(Thread.java:745)
2018-07-23 14:51:43.933 ERROR [AMQP Connection 127.0.0.1:5672] o.s.amqp.rabbit.support.PublisherCallbackChannelImpl.doHandleConfirm:930 - Exception delivering confirm
java.lang.NullPointerException: null
	at com.bingo.springbootrabbitmqack.mq.RabbitClientConfig$2.confirm(RabbitClientConfig.java:56)
	at org.springframework.amqp.rabbit.core.RabbitTemplate.handleConfirm(RabbitTemplate.java:2124)
	at org.springframework.amqp.rabbit.support.PublisherCallbackChannelImpl.doHandleConfirm(PublisherCallbackChannelImpl.java:926)
	at org.springframework.amqp.rabbit.support.PublisherCallbackChannelImpl.processAck(PublisherCallbackChannelImpl.java:909)
	at org.springframework.amqp.rabbit.support.PublisherCallbackChannelImpl.handleAck(PublisherCallbackChannelImpl.java:856)
	at com.rabbitmq.client.impl.ChannelN.callConfirmListeners(ChannelN.java:484)
	at com.rabbitmq.client.impl.ChannelN.processAsync(ChannelN.java:369)
	at com.rabbitmq.client.impl.AMQChannel.handleCompleteInboundCommand(AMQChannel.java:178)
	at com.rabbitmq.client.impl.AMQChannel.handleFrame(AMQChannel.java:111)
	at com.rabbitmq.client.impl.AMQConnection.readFrame(AMQConnection.java:643)
	at com.rabbitmq.client.impl.AMQConnection.access$300(AMQConnection.java:47)
	at com.rabbitmq.client.impl.AMQConnection$MainLoop.run(AMQConnection.java:581)
	at java.lang.Thread.run(Thread.java:745)
2018-07-23 15:29:06.817 ERROR [AMQP Connection 127.0.0.1:5672] o.s.amqp.rabbit.connection.CachingConnectionFactory.log:1302 - Channel shutdown: channel error; protocol method: #method<channel.close>(reply-code=403, reply-text=ACCESS_REFUSED - access to exchange 'exchange.bingo.direct' in vhost 'znjf-host' refused for user 'tuyx', class-id=60, method-id=40)
2018-07-23 16:33:29.229 ERROR [main] org.springframework.boot.SpringApplication.reportFailure:842 - Application run failed
java.lang.IllegalArgumentException: 'maxConcurrentConsumers' value must be at least 'concurrentConsumers'
	at org.springframework.util.Assert.isTrue(Assert.java:116)
	at org.springframework.amqp.rabbit.listener.SimpleMessageListenerContainer.setMaxConcurrentConsumers(SimpleMessageListenerContainer.java:184)
	at org.springframework.amqp.rabbit.config.SimpleRabbitListenerContainerFactory.initializeContainer(SimpleRabbitListenerContainerFactory.java:152)
	at org.springframework.amqp.rabbit.config.SimpleRabbitListenerContainerFactory.initializeContainer(SimpleRabbitListenerContainerFactory.java:37)
	at org.springframework.amqp.rabbit.config.AbstractRabbitListenerContainerFactory.createListenerContainer(AbstractRabbitListenerContainerFactory.java:376)
	at org.springframework.amqp.rabbit.config.AbstractRabbitListenerContainerFactory.createListenerContainer(AbstractRabbitListenerContainerFactory.java:60)
	at org.springframework.amqp.rabbit.listener.RabbitListenerEndpointRegistry.createListenerContainer(RabbitListenerEndpointRegistry.java:181)
	at org.springframework.amqp.rabbit.listener.RabbitListenerEndpointRegistry.registerListenerContainer(RabbitListenerEndpointRegistry.java:153)
	at org.springframework.amqp.rabbit.listener.RabbitListenerEndpointRegistry.registerListenerContainer(RabbitListenerEndpointRegistry.java:127)
	at org.springframework.amqp.rabbit.listener.RabbitListenerEndpointRegistrar.registerAllEndpoints(RabbitListenerEndpointRegistrar.java:134)
	at org.springframework.amqp.rabbit.listener.RabbitListenerEndpointRegistrar.afterPropertiesSet(RabbitListenerEndpointRegistrar.java:128)
	at org.springframework.amqp.rabbit.annotation.RabbitListenerAnnotationBeanPostProcessor.afterSingletonsInstantiated(RabbitListenerAnnotationBeanPostProcessor.java:256)
	at org.springframework.beans.factory.support.DefaultListableBeanFactory.preInstantiateSingletons(DefaultListableBeanFactory.java:777)
	at org.springframework.context.support.AbstractApplicationContext.finishBeanFactoryInitialization(AbstractApplicationContext.java:869)
	at org.springframework.context.support.AbstractApplicationContext.refresh(AbstractApplicationContext.java:550)
	at org.springframework.boot.web.servlet.context.ServletWebServerApplicationContext.refresh(ServletWebServerApplicationContext.java:140)
	at org.springframework.boot.SpringApplication.refresh(SpringApplication.java:759)
	at org.springframework.boot.SpringApplication.refreshContext(SpringApplication.java:395)
	at org.springframework.boot.SpringApplication.run(SpringApplication.java:327)
	at org.springframework.boot.SpringApplication.run(SpringApplication.java:1255)
	at org.springframework.boot.SpringApplication.run(SpringApplication.java:1243)
	at com.bingo.springbootrabbitmqack.SpringBootRabbitmqAckApplication.main(SpringBootRabbitmqAckApplication.java:10)
2018-07-23 17:36:59.140 ERROR [AMQP Connection 127.0.0.1:5672] o.s.amqp.rabbit.connection.CachingConnectionFactory.log:1302 - Channel shutdown: channel error; protocol method: #method<channel.close>(reply-code=404, reply-text=NOT_FOUND - no queue 'queue.bingo.dl' in vhost 'znjf-host', class-id=50, method-id=20)
2018-07-23 17:37:00.160 ERROR [AMQP Connection 127.0.0.1:5672] o.s.amqp.rabbit.connection.CachingConnectionFactory.log:1302 - Channel shutdown: channel error; protocol method: #method<channel.close>(reply-code=404, reply-text=NOT_FOUND - no queue 'queue.bingo.dl' in vhost 'znjf-host', class-id=50, method-id=20)
2018-07-23 17:37:02.179 ERROR [AMQP Connection 127.0.0.1:5672] o.s.amqp.rabbit.connection.CachingConnectionFactory.log:1302 - Channel shutdown: channel error; protocol method: #method<channel.close>(reply-code=404, reply-text=NOT_FOUND - no queue 'queue.bingo.dl' in vhost 'znjf-host', class-id=50, method-id=20)
2018-07-23 17:37:06.189 ERROR [AMQP Connection 127.0.0.1:5672] o.s.amqp.rabbit.connection.CachingConnectionFactory.log:1302 - Channel shutdown: channel error; protocol method: #method<channel.close>(reply-code=404, reply-text=NOT_FOUND - no queue 'queue.bingo.dl' in vhost 'znjf-host', class-id=50, method-id=20)
2018-07-23 17:37:11.207 ERROR [AMQP Connection 127.0.0.1:5672] o.s.amqp.rabbit.connection.CachingConnectionFactory.log:1302 - Channel shutdown: channel error; protocol method: #method<channel.close>(reply-code=404, reply-text=NOT_FOUND - no queue 'queue.bingo.dl' in vhost 'znjf-host', class-id=50, method-id=20)
2018-07-23 17:37:11.226 ERROR [SimpleAsyncTaskExecutor-1] o.s.amqp.rabbit.listener.SimpleMessageListenerContainer.redeclareElementsIfNecessary:1618 - Failed to check/redeclare auto-delete queue(s).
org.springframework.amqp.AmqpIOException: java.io.IOException
	at org.springframework.amqp.rabbit.support.RabbitExceptionTranslator.convertRabbitAccessException(RabbitExceptionTranslator.java:71)
	at org.springframework.amqp.rabbit.connection.RabbitAccessor.convertRabbitAccessException(RabbitAccessor.java:113)
	at org.springframework.amqp.rabbit.core.RabbitTemplate.doExecute(RabbitTemplate.java:1834)
	at org.springframework.amqp.rabbit.core.RabbitTemplate.execute(RabbitTemplate.java:1771)
	at org.springframework.amqp.rabbit.core.RabbitTemplate.execute(RabbitTemplate.java:1752)
	at org.springframework.amqp.rabbit.core.RabbitAdmin.initialize(RabbitAdmin.java:540)
	at org.springframework.amqp.rabbit.core.RabbitAdmin.lambda$null$9(RabbitAdmin.java:453)
	at org.springframework.retry.support.RetryTemplate.doExecute(RetryTemplate.java:287)
	at org.springframework.retry.support.RetryTemplate.execute(RetryTemplate.java:164)
	at org.springframework.amqp.rabbit.core.RabbitAdmin.lambda$afterPropertiesSet$10(RabbitAdmin.java:452)
	at org.springframework.amqp.rabbit.connection.CompositeConnectionListener.onCreate(CompositeConnectionListener.java:36)
	at org.springframework.amqp.rabbit.connection.CachingConnectionFactory.createConnection(CachingConnectionFactory.java:620)
	at org.springframework.amqp.rabbit.connection.ConnectionFactoryUtils.createConnection(ConnectionFactoryUtils.java:240)
	at org.springframework.amqp.rabbit.core.RabbitTemplate.doExecute(RabbitTemplate.java:1797)
	at org.springframework.amqp.rabbit.core.RabbitTemplate.execute(RabbitTemplate.java:1771)
	at org.springframework.amqp.rabbit.core.RabbitTemplate.execute(RabbitTemplate.java:1752)
	at org.springframework.amqp.rabbit.core.RabbitAdmin.getQueueProperties(RabbitAdmin.java:345)
	at org.springframework.amqp.rabbit.listener.AbstractMessageListenerContainer.redeclareElementsIfNecessary(AbstractMessageListenerContainer.java:1604)
	at org.springframework.amqp.rabbit.listener.SimpleMessageListenerContainer$AsyncMessageProcessingConsumer.run(SimpleMessageListenerContainer.java:995)
	at java.lang.Thread.run(Thread.java:745)
Caused by: java.io.IOException: null
	at com.rabbitmq.client.impl.AMQChannel.wrap(AMQChannel.java:126)
	at com.rabbitmq.client.impl.AMQChannel.wrap(AMQChannel.java:122)
	at com.rabbitmq.client.impl.AMQChannel.exnWrappingRpc(AMQChannel.java:144)
	at com.rabbitmq.client.impl.ChannelN.queueBind(ChannelN.java:1056)
	at com.rabbitmq.client.impl.ChannelN.queueBind(ChannelN.java:52)
	at org.springframework.amqp.rabbit.support.PublisherCallbackChannelImpl.queueBind(PublisherCallbackChannelImpl.java:338)
	at sun.reflect.NativeMethodAccessorImpl.invoke0(Native Method)
	at sun.reflect.NativeMethodAccessorImpl.invoke(NativeMethodAccessorImpl.java:62)
	at sun.reflect.DelegatingMethodAccessorImpl.invoke(DelegatingMethodAccessorImpl.java:43)
	at java.lang.reflect.Method.invoke(Method.java:498)
	at org.springframework.amqp.rabbit.connection.CachingConnectionFactory$CachedChannelInvocationHandler.invoke(CachingConnectionFactory.java:991)
	at com.sun.proxy.$Proxy76.queueBind(Unknown Source)
	at org.springframework.amqp.rabbit.core.RabbitAdmin.declareBindings(RabbitAdmin.java:648)
	at org.springframework.amqp.rabbit.core.RabbitAdmin.lambda$initialize$11(RabbitAdmin.java:543)
	at org.springframework.amqp.rabbit.core.RabbitTemplate.doExecute(RabbitTemplate.java:1828)
	... 17 common frames omitted
Caused by: com.rabbitmq.client.ShutdownSignalException: channel error; protocol method: #method<channel.close>(reply-code=404, reply-text=NOT_FOUND - no queue 'queue.bingo.dl' in vhost 'znjf-host', class-id=50, method-id=20)
	at com.rabbitmq.utility.ValueOrException.getValue(ValueOrException.java:66)
	at com.rabbitmq.utility.BlockingValueOrException.uninterruptibleGetValue(BlockingValueOrException.java:36)
	at com.rabbitmq.client.impl.AMQChannel$BlockingRpcContinuation.getReply(AMQChannel.java:494)
	at com.rabbitmq.client.impl.AMQChannel.privateRpc(AMQChannel.java:288)
	at com.rabbitmq.client.impl.AMQChannel.exnWrappingRpc(AMQChannel.java:138)
	... 29 common frames omitted
Caused by: com.rabbitmq.client.ShutdownSignalException: channel error; protocol method: #method<channel.close>(reply-code=404, reply-text=NOT_FOUND - no queue 'queue.bingo.dl' in vhost 'znjf-host', class-id=50, method-id=20)
	at com.rabbitmq.client.impl.ChannelN.asyncShutdown(ChannelN.java:504)
	at com.rabbitmq.client.impl.ChannelN.processAsync(ChannelN.java:346)
	at com.rabbitmq.client.impl.AMQChannel.handleCompleteInboundCommand(AMQChannel.java:178)
	at com.rabbitmq.client.impl.AMQChannel.handleFrame(AMQChannel.java:111)
	at com.rabbitmq.client.impl.AMQConnection.readFrame(AMQConnection.java:643)
	at com.rabbitmq.client.impl.AMQConnection.access$300(AMQConnection.java:47)
	at com.rabbitmq.client.impl.AMQConnection$MainLoop.run(AMQConnection.java:581)
	... 1 common frames omitted
2018-07-23 17:37:11.282 ERROR [SimpleAsyncTaskExecutor-1] o.s.amqp.rabbit.listener.SimpleMessageListenerContainer.run:1102 - Consumer received fatal=false exception on startup
org.springframework.amqp.rabbit.listener.QueuesNotAvailableException: Cannot prepare queue for listener. Either the queue doesn't exist or the broker will not allow us to use it.
	at org.springframework.amqp.rabbit.listener.BlockingQueueConsumer.start(BlockingQueueConsumer.java:620)
	at org.springframework.amqp.rabbit.listener.SimpleMessageListenerContainer$AsyncMessageProcessingConsumer.run(SimpleMessageListenerContainer.java:996)
	at java.lang.Thread.run(Thread.java:745)
Caused by: org.springframework.amqp.rabbit.listener.BlockingQueueConsumer$DeclarationException: Failed to declare queue(s):[queue.bingo.dl]
	at org.springframework.amqp.rabbit.listener.BlockingQueueConsumer.attemptPassiveDeclarations(BlockingQueueConsumer.java:711)
	at org.springframework.amqp.rabbit.listener.BlockingQueueConsumer.start(BlockingQueueConsumer.java:588)
	... 2 common frames omitted
Caused by: java.io.IOException: null
	at com.rabbitmq.client.impl.AMQChannel.wrap(AMQChannel.java:126)
	at com.rabbitmq.client.impl.AMQChannel.wrap(AMQChannel.java:122)
	at com.rabbitmq.client.impl.AMQChannel.exnWrappingRpc(AMQChannel.java:144)
	at com.rabbitmq.client.impl.ChannelN.queueDeclarePassive(ChannelN.java:991)
	at com.rabbitmq.client.impl.ChannelN.queueDeclarePassive(ChannelN.java:52)
	at org.springframework.amqp.rabbit.support.PublisherCallbackChannelImpl.queueDeclarePassive(PublisherCallbackChannelImpl.java:313)
	at sun.reflect.NativeMethodAccessorImpl.invoke0(Native Method)
	at sun.reflect.NativeMethodAccessorImpl.invoke(NativeMethodAccessorImpl.java:62)
	at sun.reflect.DelegatingMethodAccessorImpl.invoke(DelegatingMethodAccessorImpl.java:43)
	at java.lang.reflect.Method.invoke(Method.java:498)
	at org.springframework.amqp.rabbit.connection.CachingConnectionFactory$CachedChannelInvocationHandler.invoke(CachingConnectionFactory.java:991)
	at com.sun.proxy.$Proxy76.queueDeclarePassive(Unknown Source)
	at org.springframework.amqp.rabbit.listener.BlockingQueueConsumer.attemptPassiveDeclarations(BlockingQueueConsumer.java:690)
	... 3 common frames omitted
Caused by: com.rabbitmq.client.ShutdownSignalException: channel error; protocol method: #method<channel.close>(reply-code=404, reply-text=NOT_FOUND - no queue 'queue.bingo.dl' in vhost 'znjf-host', class-id=50, method-id=10)
	at com.rabbitmq.utility.ValueOrException.getValue(ValueOrException.java:66)
	at com.rabbitmq.utility.BlockingValueOrException.uninterruptibleGetValue(BlockingValueOrException.java:36)
	at com.rabbitmq.client.impl.AMQChannel$BlockingRpcContinuation.getReply(AMQChannel.java:494)
	at com.rabbitmq.client.impl.AMQChannel.privateRpc(AMQChannel.java:288)
	at com.rabbitmq.client.impl.AMQChannel.exnWrappingRpc(AMQChannel.java:138)
	... 13 common frames omitted
Caused by: com.rabbitmq.client.ShutdownSignalException: channel error; protocol method: #method<channel.close>(reply-code=404, reply-text=NOT_FOUND - no queue 'queue.bingo.dl' in vhost 'znjf-host', class-id=50, method-id=10)
	at com.rabbitmq.client.impl.ChannelN.asyncShutdown(ChannelN.java:504)
	at com.rabbitmq.client.impl.ChannelN.processAsync(ChannelN.java:346)
	at com.rabbitmq.client.impl.AMQChannel.handleCompleteInboundCommand(AMQChannel.java:178)
	at com.rabbitmq.client.impl.AMQChannel.handleFrame(AMQChannel.java:111)
	at com.rabbitmq.client.impl.AMQConnection.readFrame(AMQConnection.java:643)
	at com.rabbitmq.client.impl.AMQConnection.access$300(AMQConnection.java:47)
	at com.rabbitmq.client.impl.AMQConnection$MainLoop.run(AMQConnection.java:581)
	... 1 common frames omitted
2018-07-23 17:37:11.287 ERROR [SimpleAsyncTaskExecutor-1] o.s.amqp.rabbit.listener.SimpleMessageListenerContainer.run:1192 - Stopping container from aborted consumer
2018-07-23 17:37:12.317 ERROR [main] org.springframework.boot.SpringApplication.reportFailure:842 - Application run failed
org.springframework.context.ApplicationContextException: Failed to start bean 'org.springframework.amqp.rabbit.config.internalRabbitListenerEndpointRegistry'; nested exception is org.springframework.amqp.AmqpIllegalStateException: Fatal exception on listener startup
	at org.springframework.context.support.DefaultLifecycleProcessor.doStart(DefaultLifecycleProcessor.java:184)
	at org.springframework.context.support.DefaultLifecycleProcessor.access$200(DefaultLifecycleProcessor.java:52)
	at org.springframework.context.support.DefaultLifecycleProcessor$LifecycleGroup.start(DefaultLifecycleProcessor.java:356)
	at org.springframework.context.support.DefaultLifecycleProcessor.startBeans(DefaultLifecycleProcessor.java:157)
	at org.springframework.context.support.DefaultLifecycleProcessor.onRefresh(DefaultLifecycleProcessor.java:121)
	at org.springframework.context.support.AbstractApplicationContext.finishRefresh(AbstractApplicationContext.java:885)
	at org.springframework.boot.web.servlet.context.ServletWebServerApplicationContext.finishRefresh(ServletWebServerApplicationContext.java:161)
	at org.springframework.context.support.AbstractApplicationContext.refresh(AbstractApplicationContext.java:553)
	at org.springframework.boot.web.servlet.context.ServletWebServerApplicationContext.refresh(ServletWebServerApplicationContext.java:140)
	at org.springframework.boot.SpringApplication.refresh(SpringApplication.java:759)
	at org.springframework.boot.SpringApplication.refreshContext(SpringApplication.java:395)
	at org.springframework.boot.SpringApplication.run(SpringApplication.java:327)
	at org.springframework.boot.SpringApplication.run(SpringApplication.java:1255)
	at org.springframework.boot.SpringApplication.run(SpringApplication.java:1243)
	at com.bingo.springbootrabbitmqack.SpringBootRabbitmqAckApplication.main(SpringBootRabbitmqAckApplication.java:10)
Caused by: org.springframework.amqp.AmqpIllegalStateException: Fatal exception on listener startup
	at org.springframework.amqp.rabbit.listener.SimpleMessageListenerContainer.doStart(SimpleMessageListenerContainer.java:500)
	at org.springframework.amqp.rabbit.listener.AbstractMessageListenerContainer.start(AbstractMessageListenerContainer.java:1164)
	at org.springframework.amqp.rabbit.listener.RabbitListenerEndpointRegistry.startIfNecessary(RabbitListenerEndpointRegistry.java:280)
	at org.springframework.amqp.rabbit.listener.RabbitListenerEndpointRegistry.start(RabbitListenerEndpointRegistry.java:235)
	at org.springframework.context.support.DefaultLifecycleProcessor.doStart(DefaultLifecycleProcessor.java:181)
	... 14 common frames omitted
Caused by: org.springframework.amqp.rabbit.listener.QueuesNotAvailableException: Cannot prepare queue for listener. Either the queue doesn't exist or the broker will not allow us to use it.
	at org.springframework.amqp.rabbit.listener.BlockingQueueConsumer.start(BlockingQueueConsumer.java:620)
	at org.springframework.amqp.rabbit.listener.SimpleMessageListenerContainer$AsyncMessageProcessingConsumer.run(SimpleMessageListenerContainer.java:996)
	at java.lang.Thread.run(Thread.java:745)
Caused by: org.springframework.amqp.rabbit.listener.BlockingQueueConsumer$DeclarationException: Failed to declare queue(s):[queue.bingo.dl]
	at org.springframework.amqp.rabbit.listener.BlockingQueueConsumer.attemptPassiveDeclarations(BlockingQueueConsumer.java:711)
	at org.springframework.amqp.rabbit.listener.BlockingQueueConsumer.start(BlockingQueueConsumer.java:588)
	... 2 common frames omitted
Caused by: java.io.IOException: null
	at com.rabbitmq.client.impl.AMQChannel.wrap(AMQChannel.java:126)
	at com.rabbitmq.client.impl.AMQChannel.wrap(AMQChannel.java:122)
	at com.rabbitmq.client.impl.AMQChannel.exnWrappingRpc(AMQChannel.java:144)
	at com.rabbitmq.client.impl.ChannelN.queueDeclarePassive(ChannelN.java:991)
	at com.rabbitmq.client.impl.ChannelN.queueDeclarePassive(ChannelN.java:52)
	at org.springframework.amqp.rabbit.support.PublisherCallbackChannelImpl.queueDeclarePassive(PublisherCallbackChannelImpl.java:313)
	at sun.reflect.NativeMethodAccessorImpl.invoke0(Native Method)
	at sun.reflect.NativeMethodAccessorImpl.invoke(NativeMethodAccessorImpl.java:62)
	at sun.reflect.DelegatingMethodAccessorImpl.invoke(DelegatingMethodAccessorImpl.java:43)
	at java.lang.reflect.Method.invoke(Method.java:498)
	at org.springframework.amqp.rabbit.connection.CachingConnectionFactory$CachedChannelInvocationHandler.invoke(CachingConnectionFactory.java:991)
	at com.sun.proxy.$Proxy76.queueDeclarePassive(Unknown Source)
	at org.springframework.amqp.rabbit.listener.BlockingQueueConsumer.attemptPassiveDeclarations(BlockingQueueConsumer.java:690)
	... 3 common frames omitted
Caused by: com.rabbitmq.client.ShutdownSignalException: channel error; protocol method: #method<channel.close>(reply-code=404, reply-text=NOT_FOUND - no queue 'queue.bingo.dl' in vhost 'znjf-host', class-id=50, method-id=10)
	at com.rabbitmq.utility.ValueOrException.getValue(ValueOrException.java:66)
	at com.rabbitmq.utility.BlockingValueOrException.uninterruptibleGetValue(BlockingValueOrException.java:36)
	at com.rabbitmq.client.impl.AMQChannel$BlockingRpcContinuation.getReply(AMQChannel.java:494)
	at com.rabbitmq.client.impl.AMQChannel.privateRpc(AMQChannel.java:288)
	at com.rabbitmq.client.impl.AMQChannel.exnWrappingRpc(AMQChannel.java:138)
	... 13 common frames omitted
Caused by: com.rabbitmq.client.ShutdownSignalException: channel error; protocol method: #method<channel.close>(reply-code=404, reply-text=NOT_FOUND - no queue 'queue.bingo.dl' in vhost 'znjf-host', class-id=50, method-id=10)
	at com.rabbitmq.client.impl.ChannelN.asyncShutdown(ChannelN.java:504)
	at com.rabbitmq.client.impl.ChannelN.processAsync(ChannelN.java:346)
	at com.rabbitmq.client.impl.AMQChannel.handleCompleteInboundCommand(AMQChannel.java:178)
	at com.rabbitmq.client.impl.AMQChannel.handleFrame(AMQChannel.java:111)
	at com.rabbitmq.client.impl.AMQConnection.readFrame(AMQConnection.java:643)
	at com.rabbitmq.client.impl.AMQConnection.access$300(AMQConnection.java:47)
	at com.rabbitmq.client.impl.AMQConnection$MainLoop.run(AMQConnection.java:581)
	... 1 common frames omitted
